[10-Apr-2023 11:38:03 Asia/Kolkata] PHP Notice:  Trying to access array offset on value of type bool in /home/u707479837/domains/frontendforever.com/public_html/subdomains/spkc/api/viewStudent.php on line 21
[10-Apr-2023 11:38:03 Asia/Kolkata] PHP Notice:  Trying to access array offset on value of type bool in /home/u707479837/domains/frontendforever.com/public_html/subdomains/spkc/api/viewStudent.php on line 26
[10-Apr-2023 11:38:03 Asia/Kolkata] PHP Notice:  Trying to access array offset on value of type bool in /home/u707479837/domains/frontendforever.com/public_html/subdomains/spkc/api/viewStudent.php on line 31
[10-Apr-2023 11:38:03 Asia/Kolkata] PHP Notice:  Trying to access array offset on value of type bool in /home/u707479837/domains/frontendforever.com/public_html/subdomains/spkc/api/viewStudent.php on line 36
[10-Apr-2023 11:38:03 Asia/Kolkata] PHP Notice:  Trying to access array offset on value of type bool in /home/u707479837/domains/frontendforever.com/public_html/subdomains/spkc/api/viewStudent.php on line 41
[10-Apr-2023 11:38:03 Asia/Kolkata] PHP Notice:  Trying to access array offset on value of type bool in /home/u707479837/domains/frontendforever.com/public_html/subdomains/spkc/api/viewStudent.php on line 46
[10-Apr-2023 11:38:03 Asia/Kolkata] PHP Notice:  Trying to access array offset on value of type bool in /home/u707479837/domains/frontendforever.com/public_html/subdomains/spkc/api/viewStudent.php on line 51
[10-Apr-2023 11:38:03 Asia/Kolkata] PHP Notice:  Trying to access array offset on value of type bool in /home/u707479837/domains/frontendforever.com/public_html/subdomains/spkc/api/viewStudent.php on line 56
[10-Apr-2023 11:38:03 Asia/Kolkata] PHP Notice:  Trying to access array offset on value of type bool in /home/u707479837/domains/frontendforever.com/public_html/subdomains/spkc/api/viewStudent.php on line 59
[10-Apr-2023 11:38:03 Asia/Kolkata] PHP Notice:  Trying to access array offset on value of type bool in /home/u707479837/domains/frontendforever.com/public_html/subdomains/spkc/api/viewStudent.php on line 59
[10-Apr-2023 11:38:03 Asia/Kolkata] PHP Notice:  Trying to access array offset on value of type bool in /home/u707479837/domains/frontendforever.com/public_html/subdomains/spkc/api/viewStudent.php on line 68
[10-Apr-2023 11:38:03 Asia/Kolkata] PHP Notice:  Trying to access array offset on value of type bool in /home/u707479837/domains/frontendforever.com/public_html/subdomains/spkc/api/viewStudent.php on line 68
[10-Apr-2023 11:38:03 Asia/Kolkata] PHP Notice:  Trying to access array offset on value of type bool in /home/u707479837/domains/frontendforever.com/public_html/subdomains/spkc/api/viewStudent.php on line 76
[10-Apr-2023 11:38:03 Asia/Kolkata] PHP Notice:  Trying to access array offset on value of type bool in /home/u707479837/domains/frontendforever.com/public_html/subdomains/spkc/api/viewStudent.php on line 85
[10-Apr-2023 11:38:03 Asia/Kolkata] PHP Notice:  Trying to access array offset on value of type bool in /home/u707479837/domains/frontendforever.com/public_html/subdomains/spkc/api/viewStudent.php on line 85
[10-Apr-2023 11:38:03 Asia/Kolkata] PHP Notice:  Trying to access array offset on value of type bool in /home/u707479837/domains/frontendforever.com/public_html/subdomains/spkc/api/viewStudent.php on line 93
[10-Apr-2023 11:38:03 Asia/Kolkata] PHP Notice:  Trying to access array offset on value of type bool in /home/u707479837/domains/frontendforever.com/public_html/subdomains/spkc/api/viewStudent.php on line 106
[11-Apr-2023 17:32:59 Asia/Calcutta] PHP Fatal error:  Uncaught PDOException: SQLSTATE[HY093]: Invalid parameter number: parameter was not defined in /home/u707479837/domains/frontendforever.com/public_html/subdomains/spkc/api/v1.php:1727
Stack trace:
#0 /home/u707479837/domains/frontendforever.com/public_html/subdomains/spkc/api/v1.php(1727): PDOStatement->bindParam(':pdf', '')
#1 {main}
  thrown in /home/u707479837/domains/frontendforever.com/public_html/subdomains/spkc/api/v1.php on line 1727
[11-Apr-2023 17:42:49 Asia/Calcutta] PHP Fatal error:  Uncaught PDOException: SQLSTATE[HY093]: Invalid parameter number: parameter was not defined in /home/u707479837/domains/frontendforever.com/public_html/subdomains/spkc/api/v1.php:1727
Stack trace:
#0 /home/u707479837/domains/frontendforever.com/public_html/subdomains/spkc/api/v1.php(1727): PDOStatement->bindParam(':pdf', '')
#1 {main}
  thrown in /home/u707479837/domains/frontendforever.com/public_html/subdomains/spkc/api/v1.php on line 1727
[11-Apr-2023 17:44:13 Asia/Calcutta] PHP Fatal error:  Uncaught PDOException: SQLSTATE[HY093]: Invalid parameter number: parameter was not defined in /home/u707479837/domains/frontendforever.com/public_html/subdomains/spkc/api/v1.php:1727
Stack trace:
#0 /home/u707479837/domains/frontendforever.com/public_html/subdomains/spkc/api/v1.php(1727): PDOStatement->bindParam(':pdf', '')
#1 {main}
  thrown in /home/u707479837/domains/frontendforever.com/public_html/subdomains/spkc/api/v1.php on line 1727
[11-Apr-2023 18:01:15 Asia/Calcutta] PHP Fatal error:  Uncaught PDOException: SQLSTATE[HY093]: Invalid parameter number: parameter was not defined in /home/u707479837/domains/frontendforever.com/public_html/subdomains/spkc/api/v1.php:1727
Stack trace:
#0 /home/u707479837/domains/frontendforever.com/public_html/subdomains/spkc/api/v1.php(1727): PDOStatement->bindParam(':pdf', '')
#1 {main}
  thrown in /home/u707479837/domains/frontendforever.com/public_html/subdomains/spkc/api/v1.php on line 1727
[11-Apr-2023 18:03:55 Asia/Calcutta] PHP Fatal error:  Uncaught PDOException: SQLSTATE[HY093]: Invalid parameter number: parameter was not defined in /home/u707479837/domains/frontendforever.com/public_html/subdomains/spkc/api/v1.php:1734
Stack trace:
#0 /home/u707479837/domains/frontendforever.com/public_html/subdomains/spkc/api/v1.php(1734): PDOStatement->bindParam(':pdf', '')
#1 {main}
  thrown in /home/u707479837/domains/frontendforever.com/public_html/subdomains/spkc/api/v1.php on line 1734
[11-Apr-2023 18:04:50 Asia/Calcutta] PHP Fatal error:  Uncaught PDOException: SQLSTATE[HY093]: Invalid parameter number: parameter was not defined in /home/u707479837/domains/frontendforever.com/public_html/subdomains/spkc/api/v1.php:1734
Stack trace:
#0 /home/u707479837/domains/frontendforever.com/public_html/subdomains/spkc/api/v1.php(1734): PDOStatement->bindParam(':pdf', '')
#1 {main}
  thrown in /home/u707479837/domains/frontendforever.com/public_html/subdomains/spkc/api/v1.php on line 1734
[12-Apr-2023 17:09:25 Asia/Kolkata] PHP Notice:  Undefined variable: result in /home/u707479837/domains/frontendforever.com/public_html/subdomains/spkc/api/viewMsg.php on line 25
[12-Apr-2023 17:09:25 Asia/Kolkata] PHP Notice:  Trying to access array offset on value of type null in /home/u707479837/domains/frontendforever.com/public_html/subdomains/spkc/api/viewMsg.php on line 25
[12-Apr-2023 17:09:25 Asia/Kolkata] PHP Notice:  Undefined variable: result in /home/u707479837/domains/frontendforever.com/public_html/subdomains/spkc/api/viewMsg.php on line 30
[12-Apr-2023 17:09:25 Asia/Kolkata] PHP Notice:  Trying to access array offset on value of type null in /home/u707479837/domains/frontendforever.com/public_html/subdomains/spkc/api/viewMsg.php on line 30
[12-Apr-2023 17:09:25 Asia/Kolkata] PHP Notice:  Undefined variable: result in /home/u707479837/domains/frontendforever.com/public_html/subdomains/spkc/api/viewMsg.php on line 35
[12-Apr-2023 17:09:25 Asia/Kolkata] PHP Notice:  Trying to access array offset on value of type null in /home/u707479837/domains/frontendforever.com/public_html/subdomains/spkc/api/viewMsg.php on line 35
[12-Apr-2023 17:09:25 Asia/Kolkata] PHP Notice:  Undefined variable: result in /home/u707479837/domains/frontendforever.com/public_html/subdomains/spkc/api/viewMsg.php on line 40
[12-Apr-2023 17:09:25 Asia/Kolkata] PHP Notice:  Trying to access array offset on value of type null in /home/u707479837/domains/frontendforever.com/public_html/subdomains/spkc/api/viewMsg.php on line 40
[12-Apr-2023 17:09:25 Asia/Kolkata] PHP Notice:  Undefined variable: result in /home/u707479837/domains/frontendforever.com/public_html/subdomains/spkc/api/viewMsg.php on line 45
[12-Apr-2023 17:09:25 Asia/Kolkata] PHP Notice:  Trying to access array offset on value of type null in /home/u707479837/domains/frontendforever.com/public_html/subdomains/spkc/api/viewMsg.php on line 45
[24-Apr-2023 02:26:30 UTC] PHP Notice:  Undefined index: HTTP_HOST in /Applications/XAMPP/xamppfiles/htdocs/spk-admin/api/constant.php on line 3
[24-Apr-2023 07:56:30 Asia/Kolkata] PHP Notice:  Undefined index: HTTP_HOST in /Applications/XAMPP/xamppfiles/htdocs/spk-admin/api/config.php on line 12
[24-Apr-2023 07:56:30 Asia/Kolkata] PHP Notice:  Undefined index: HTTP_HOST in /Applications/XAMPP/xamppfiles/htdocs/spk-admin/api/config.php on line 12
[24-Apr-2023 07:56:30 Asia/Kolkata] PHP Fatal error:  Uncaught PDOException: SQLSTATE[HY000] [2002] Connection refused in /Applications/XAMPP/xamppfiles/htdocs/spk-admin/api/config.php:21
Stack trace:
#0 /Applications/XAMPP/xamppfiles/htdocs/spk-admin/api/config.php(21): PDO->__construct('mysql:host=127....', 'root', '')
#1 /Applications/XAMPP/xamppfiles/htdocs/spk-admin/api/v1.php(8): include('/Applications/X...')
#2 {main}
  thrown in /Applications/XAMPP/xamppfiles/htdocs/spk-admin/api/config.php on line 21
[24-Apr-2023 02:27:00 UTC] PHP Notice:  Undefined index: HTTP_HOST in /Applications/XAMPP/xamppfiles/htdocs/spk-admin/api/constant.php on line 3
[24-Apr-2023 07:57:00 Asia/Kolkata] PHP Notice:  Undefined index: HTTP_HOST in /Applications/XAMPP/xamppfiles/htdocs/spk-admin/api/config.php on line 12
[24-Apr-2023 07:57:00 Asia/Kolkata] PHP Notice:  Undefined index: HTTP_HOST in /Applications/XAMPP/xamppfiles/htdocs/spk-admin/api/config.php on line 12
[24-Apr-2023 07:57:00 Asia/Kolkata] PHP Fatal error:  Uncaught PDOException: SQLSTATE[HY000] [2002] Connection refused in /Applications/XAMPP/xamppfiles/htdocs/spk-admin/api/config.php:21
Stack trace:
#0 /Applications/XAMPP/xamppfiles/htdocs/spk-admin/api/config.php(21): PDO->__construct('mysql:host=127....', 'root', '')
#1 /Applications/XAMPP/xamppfiles/htdocs/spk-admin/api/v1.php(8): include('/Applications/X...')
#2 {main}
  thrown in /Applications/XAMPP/xamppfiles/htdocs/spk-admin/api/config.php on line 21
[25-Apr-2023 10:24:00 Asia/Kolkata] PHP Fatal error:  Uncaught Error: Call to undefined function sendGCM() in /home/u707479837/domains/frontendforever.com/public_html/subdomains/spkc/api/notify.php:13
Stack trace:
#0 {main}
  thrown in /home/u707479837/domains/frontendforever.com/public_html/subdomains/spkc/api/notify.php on line 13
